nohup: ignoring input
Drklinik client baslatiliyor...
Dump dizini: /var/www/www-root/data/www/randevumceptetest/storage/app/drklinik/20260523_192948
Login deneniyor...
Login sonuc: OK - webforms
Detay: Login OK. Son URL: https://uygulama.drklinik.net/default.aspx?v=2026523192948359
Odalar cekiliyor (DDL_Oda dropdown)...
Oda aktarim: yeni=0, toplam_map=11
Personel listesi cekiliyor (calisanmodulu.aspx)...
  42 personel id bulundu.
  ..10/42 personel okundu
  ..20/42 personel okundu
  ..30/42 personel okundu
  ..40/42 personel okundu
Personel aktarim: 1 yeni
Hizmetler cekiliyor (hizmet_listesi.aspx)...
  10 birim bulundu.
  [skip-urun] 'Hydrafacial cilt bakımı' Urunler tablosunda kayitli, hizmet olarak eklenmeyecek.
  [skip-urun] 'Hydrafacial cilt bakımı' Urunler tablosunda kayitli, hizmet olarak eklenmeyecek.
  [Birim Seçiniz]: 328 hizmet
  [MANİKÜR-PEDİKÜR]: 6 hizmet
  [MASAJ]: 15 hizmet
  [SOLARYUM]: 13 hizmet
  [ERKEK BÖLGESEL İNCELME]: 34 hizmet
  [LAZER EPİLASYON]: 27 hizmet
  [CİLT BAKIMI]: 10 hizmet
  [KADIN BÖLGESEL İNCELME]: 38 hizmet
  [CİLT TEDAVİLERİ]: 4 hizmet
  [BERBER]: 4 hizmet
Hizmet aktarim toplam: 479
Urunler cekiliyor (uruntanimlamalari.aspx)...
  HTML tablodan 113 satir cikartildi.
Urun aktarim: 113
Musteriler cekiliyor (musterilistesi.aspx, pagination)...
Musteri aktarim toplam: 30 (skipped: 6)
Randevular cekiliyor: 2024-06-01 - 2026-12-31 (haftalik)...
  ..hafta 10 (2024-08-03..) son_eklenen=56 toplam_randevu=572
  ..hafta 20 (2024-10-12..) son_eklenen=125 toplam_randevu=1351
  ..hafta 30 (2024-12-21..) son_eklenen=96 toplam_randevu=2234
  ..hafta 40 (2025-03-01..) son_eklenen=61 toplam_randevu=2947
  ..hafta 50 (2025-05-10..) son_eklenen=144 toplam_randevu=4109
  ..hafta 60 (2025-07-19..) son_eklenen=108 toplam_randevu=5209
  ..hafta 70 (2025-09-27..) son_eklenen=109 toplam_randevu=6141
  ..hafta 80 (2025-12-06..) son_eklenen=109 toplam_randevu=7187
  ..hafta 90 (2026-02-14..) son_eklenen=137 toplam_randevu=8292
  ..hafta 100 (2026-04-25..) son_eklenen=180 toplam_randevu=9800
  ..hafta 110 (2026-07-04..) son_eklenen=0 toplam_randevu=10532
  ..hafta 120 (2026-09-12..) son_eklenen=0 toplam_randevu=10534
  ..hafta 130 (2026-11-21..) son_eklenen=0 toplam_randevu=10534
Randevu aktarim toplam: 10534 (skipped: 6)
Giderler cekiliyor: 2024-06-01 - 2026-12-31 ...
Gider import bitti: eklenen=2, atlanan=577
Satis+Tahsilat: 2024-06-01 - 2026-12-31
Musid toplama (randevu listesi haftalik tarama)...
  ..hafta 20 unique musid: 466
  ..hafta 40 unique musid: 925
  ..hafta 60 unique musid: 1396
  ..hafta 80 unique musid: 1804
  ..hafta 100 unique musid: 2245
  ..hafta 120 unique musid: 2340
Toplam unique musid: 2340
  ..musteri 50/2340 satis=130 tahsilat=0 relink=0 prop=0 seans=595
  ..musteri 100/2340 satis=285 tahsilat=0 relink=0 prop=0 seans=1037
  ..musteri 150/2340 satis=440 tahsilat=0 relink=1 prop=1 seans=1556
  ..musteri 200/2340 satis=578 tahsilat=0 relink=1 prop=1 seans=1831
  ..musteri 250/2340 satis=697 tahsilat=0 relink=1 prop=1 seans=2037
  ..musteri 300/2340 satis=789 tahsilat=0 relink=1 prop=1 seans=2223
  ..musteri 350/2340 satis=875 tahsilat=0 relink=1 prop=1 seans=2430
  ..musteri 400/2340 satis=976 tahsilat=0 relink=1 prop=1 seans=2590
  ..musteri 450/2340 satis=1056 tahsilat=0 relink=2 prop=2 seans=2726
  ..musteri 500/2340 satis=1114 tahsilat=0 relink=2 prop=2 seans=2794
  ..musteri 550/2340 satis=1225 tahsilat=0 relink=2 prop=2 seans=2940
  ..musteri 600/2340 satis=1285 tahsilat=0 relink=2 prop=2 seans=3138
  ..musteri 650/2340 satis=1352 tahsilat=0 relink=2 prop=2 seans=3294
  ..musteri 700/2340 satis=1450 tahsilat=0 relink=2 prop=2 seans=3389
  ..musteri 750/2340 satis=1540 tahsilat=0 relink=2 prop=2 seans=3492
  ..musteri 800/2340 satis=1633 tahsilat=0 relink=3 prop=3 seans=4033
  ..musteri 850/2340 satis=1741 tahsilat=0 relink=3 prop=3 seans=4316
  ..musteri 900/2340 satis=1800 tahsilat=0 relink=3 prop=3 seans=4397
  ..musteri 950/2340 satis=1900 tahsilat=0 relink=3 prop=3 seans=4612
  ..musteri 1000/2340 satis=1953 tahsilat=0 relink=3 prop=3 seans=4700
  ..musteri 1050/2340 satis=2049 tahsilat=0 relink=3 prop=3 seans=4816
  ..musteri 1100/2340 satis=2154 tahsilat=0 relink=5 prop=5 seans=5091
  ..musteri 1150/2340 satis=2240 tahsilat=0 relink=5 prop=5 seans=5448
  ..musteri 1200/2340 satis=2322 tahsilat=0 relink=5 prop=5 seans=5637
  ..musteri 1250/2340 satis=2422 tahsilat=0 relink=5 prop=5 seans=5830
  ..musteri 1300/2340 satis=2505 tahsilat=0 relink=5 prop=5 seans=5960
  ..musteri 1350/2340 satis=2562 tahsilat=0 relink=5 prop=5 seans=6020
  ..musteri 1400/2340 satis=2628 tahsilat=0 relink=6 prop=6 seans=6217
  ..musteri 1450/2340 satis=2728 tahsilat=0 relink=6 prop=6 seans=6424
  ..musteri 1500/2340 satis=2799 tahsilat=0 relink=6 prop=6 seans=6505
  ..musteri 1550/2340 satis=2879 tahsilat=0 relink=9 prop=9 seans=6676
  ..musteri 1600/2340 satis=2963 tahsilat=0 relink=9 prop=9 seans=6850
  ..musteri 1650/2340 satis=3027 tahsilat=0 relink=9 prop=9 seans=7071
  ..musteri 1700/2340 satis=3104 tahsilat=0 relink=9 prop=9 seans=7292
  ..musteri 1750/2340 satis=3194 tahsilat=0 relink=10 prop=10 seans=7625
  ..musteri 1800/2340 satis=3285 tahsilat=0 relink=11 prop=11 seans=7976
  ..musteri 1850/2340 satis=3361 tahsilat=0 relink=11 prop=11 seans=8185
  ..musteri 1900/2340 satis=3429 tahsilat=0 relink=11 prop=11 seans=8434
  ..musteri 1950/2340 satis=3547 tahsilat=1 relink=13 prop=14 seans=8828
  ..musteri 2000/2340 satis=3600 tahsilat=1 relink=13 prop=14 seans=8912
  ..musteri 2050/2340 satis=3656 tahsilat=1 relink=13 prop=14 seans=9036
  ..musteri 2100/2340 satis=3701 tahsilat=1 relink=13 prop=14 seans=9092
  ..musteri 2150/2340 satis=3768 tahsilat=1 relink=13 prop=14 seans=9279
  ..musteri 2200/2340 satis=3829 tahsilat=1 relink=13 prop=14 seans=9809
  ..musteri 2250/2340 satis=3899 tahsilat=1 relink=13 prop=14 seans=10084
  ..musteri 2300/2340 satis=3962 tahsilat=1 relink=13 prop=14 seans=10542
Aktarim tamam: satis=4003, tahsilat=3, tahsilat_relink=13, tahsilat_propagate=16, seans_dusumu=10757
Tamam. Ozet: {"hizmet":1502,"personel":1,"urun":113,"oda":11,"musteri":31,"randevu":21194,"satis":4003,"tahsilat":3,"skipped":6,"gider":2,"gider_skip":577,"seans_dusumu":10757,"seans_silinen":10578,"tahsilat_relink":13,"tahsilat_propagate":16}
