nohup: ignoring input
Drklinik client baslatiliyor...
Dump dizini: /var/www/www-root/data/www/randevumceptetest/storage/app/drklinik/20260523_103632
Login deneniyor...
Login sonuc: OK - webforms
Detay: Login OK. Son URL: https://uygulama.drklinik.net/default.aspx?v=2026523103632740
Satis+Tahsilat: 2018-01-01 - 2030-12-31
Musid toplama (randevu listesi haftalik tarama)...
  ..hafta 20 unique musid: 0
  ..hafta 40 unique musid: 0
  ..hafta 60 unique musid: 0
  ..hafta 80 unique musid: 0
  ..hafta 100 unique musid: 0
  ..hafta 120 unique musid: 0
  ..hafta 140 unique musid: 0
  ..hafta 160 unique musid: 0
  ..hafta 180 unique musid: 0
  ..hafta 200 unique musid: 0
  ..hafta 220 unique musid: 0
  ..hafta 240 unique musid: 0
  ..hafta 260 unique musid: 0
  ..hafta 280 unique musid: 0
  ..hafta 300 unique musid: 0
  ..hafta 320 unique musid: 0
  ..hafta 340 unique musid: 131
  ..hafta 360 unique musid: 603
  ..hafta 380 unique musid: 1036
  ..hafta 400 unique musid: 1481
  ..hafta 420 unique musid: 1908
  ..hafta 440 unique musid: 2338
  ..hafta 460 unique musid: 2338
  ..hafta 480 unique musid: 2338
  ..hafta 500 unique musid: 2338
  ..hafta 520 unique musid: 2338
  ..hafta 540 unique musid: 2338
  ..hafta 560 unique musid: 2338
  ..hafta 580 unique musid: 2338
  ..hafta 600 unique musid: 2338
  ..hafta 620 unique musid: 2338
  ..hafta 640 unique musid: 2338
  ..hafta 660 unique musid: 2338
Toplam unique musid: 2338
  ..musteri 50/2338 satis=130 tahsilat=0 relink=0 prop=0 seans=405
  ..musteri 100/2338 satis=285 tahsilat=0 relink=0 prop=0 seans=715
  ..musteri 150/2338 satis=440 tahsilat=0 relink=0 prop=0 seans=1089
  ..musteri 200/2338 satis=578 tahsilat=0 relink=0 prop=0 seans=1296
  ..musteri 250/2338 satis=697 tahsilat=0 relink=0 prop=0 seans=1408
  ..musteri 300/2338 satis=789 tahsilat=0 relink=0 prop=0 seans=1561
  ..musteri 350/2338 satis=875 tahsilat=0 relink=0 prop=0 seans=1757
  ..musteri 400/2338 satis=976 tahsilat=0 relink=0 prop=0 seans=1867
  ..musteri 450/2338 satis=1056 tahsilat=0 relink=0 prop=0 seans=1966
  ..musteri 500/2338 satis=1114 tahsilat=0 relink=0 prop=0 seans=2029
  ..musteri 550/2338 satis=1225 tahsilat=0 relink=0 prop=0 seans=2108
  ..musteri 600/2338 satis=1287 tahsilat=0 relink=0 prop=0 seans=2259
  ..musteri 650/2338 satis=1352 tahsilat=0 relink=0 prop=0 seans=2397
  ..musteri 700/2338 satis=1450 tahsilat=0 relink=0 prop=0 seans=2476
  ..musteri 750/2338 satis=1540 tahsilat=0 relink=0 prop=0 seans=2545
  ..musteri 800/2338 satis=1633 tahsilat=0 relink=0 prop=0 seans=3027
  ..musteri 850/2338 satis=1741 tahsilat=0 relink=0 prop=0 seans=3207
  ..musteri 900/2338 satis=1800 tahsilat=0 relink=0 prop=0 seans=3259
  ..musteri 950/2338 satis=1900 tahsilat=0 relink=0 prop=0 seans=3361
  ..musteri 1000/2338 satis=1953 tahsilat=0 relink=0 prop=0 seans=3396
  ..musteri 1050/2338 satis=2049 tahsilat=0 relink=0 prop=0 seans=3464
  ..musteri 1100/2338 satis=2154 tahsilat=0 relink=0 prop=0 seans=3691
  ..musteri 1150/2338 satis=2240 tahsilat=0 relink=0 prop=0 seans=3930
  ..musteri 1200/2338 satis=2322 tahsilat=0 relink=0 prop=0 seans=4084
  ..musteri 1250/2338 satis=2422 tahsilat=0 relink=0 prop=0 seans=4173
  ..musteri 1300/2338 satis=2505 tahsilat=0 relink=0 prop=0 seans=4237
  ..musteri 1350/2338 satis=2562 tahsilat=0 relink=0 prop=0 seans=4270
  ..musteri 1400/2338 satis=2628 tahsilat=0 relink=0 prop=0 seans=4330
  ..musteri 1450/2338 satis=2728 tahsilat=0 relink=0 prop=0 seans=4472
  ..musteri 1500/2338 satis=2799 tahsilat=0 relink=0 prop=0 seans=4516
  ..musteri 1550/2338 satis=2879 tahsilat=0 relink=0 prop=0 seans=4644
  ..musteri 1600/2338 satis=2963 tahsilat=0 relink=0 prop=0 seans=4734
  ..musteri 1650/2338 satis=3027 tahsilat=0 relink=0 prop=0 seans=4850
  ..musteri 1700/2338 satis=3104 tahsilat=0 relink=0 prop=0 seans=5013
  ..musteri 1750/2338 satis=3194 tahsilat=0 relink=0 prop=0 seans=5279
  ..musteri 1800/2338 satis=3285 tahsilat=0 relink=0 prop=0 seans=5594
  ..musteri 1850/2338 satis=3361 tahsilat=0 relink=0 prop=0 seans=5704
  ..musteri 1900/2338 satis=3429 tahsilat=0 relink=0 prop=0 seans=5752
  ..musteri 1950/2338 satis=3546 tahsilat=0 relink=0 prop=0 seans=5921
  ..musteri 2000/2338 satis=3599 tahsilat=0 relink=0 prop=0 seans=5987
  ..musteri 2050/2338 satis=3655 tahsilat=0 relink=0 prop=0 seans=6052
  ..musteri 2100/2338 satis=3700 tahsilat=0 relink=0 prop=0 seans=6109
  ..musteri 2150/2338 satis=3758 tahsilat=0 relink=0 prop=0 seans=6185
  ..musteri 2200/2338 satis=3830 tahsilat=0 relink=0 prop=0 seans=6505
  ..musteri 2250/2338 satis=3899 tahsilat=0 relink=0 prop=0 seans=6627
  ..musteri 2300/2338 satis=3964 tahsilat=0 relink=0 prop=0 seans=6774
Aktarim tamam: satis=4002, tahsilat=0, tahsilat_relink=0, tahsilat_propagate=0, seans_dusumu=6807
Tamam. Ozet: {"hizmet":0,"personel":0,"urun":0,"oda":0,"musteri":0,"randevu":0,"satis":4002,"tahsilat":0,"skipped":0,"seans_dusumu":6807,"seans_silinen":6798}
