Salonrandevu client baslatiliyor...
Dump dizini: /var/www/www-root/data/www/randevumceptetest/storage/app/salonrandevu/20260520_190557
Login deneniyor...
Login sonuc: OK - POST /auth/staff [mail+password]
Detay: token alindi (uzunluk 4416)
Musteriler cekiliyor (/company/customers)...
  total_record=24088 sayfa_boyutu=10
  ..musteri sayfa 100 (990)
  ..musteri sayfa 200 (1990)
  ..musteri sayfa 300 (2990)
  ..musteri sayfa 400 (3990)
  ..musteri sayfa 500 (4990)
  ..musteri sayfa 600 (5990)
  ..musteri sayfa 700 (6990)
  ..musteri sayfa 800 (7990)
  ..musteri sayfa 900 (8990)
  ..musteri sayfa 1000 (9990)
  ..musteri sayfa 1100 (10990)
  ..musteri sayfa 1200 (11990)
  ..musteri sayfa 1300 (12990)
  ..musteri sayfa 1400 (13990)
  ..musteri sayfa 1500 (14990)
  ..musteri sayfa 1600 (15990)
  ..musteri sayfa 1700 (16990)
  ..musteri sayfa 1800 (17990)
  ..musteri sayfa 1900 (18990)
  ..musteri sayfa 2000 (19990)
  ..musteri sayfa 2100 (20990)
  ..musteri sayfa 2200 (21990)
  ..musteri sayfa 2300 (22990)
  ..musteri sayfa 2400 (23990)
  Toplam musteri kaydi: 24088
  musteri 500/24088 eklenen=500
  musteri 1000/24088 eklenen=1000
  musteri 1500/24088 eklenen=1500
  musteri 2000/24088 eklenen=2000
  musteri 2500/24088 eklenen=2500
  musteri 3000/24088 eklenen=3000
  musteri 3500/24088 eklenen=3500
  musteri 4000/24088 eklenen=4000
  musteri 4500/24088 eklenen=4500
  musteri 5000/24088 eklenen=5000
  musteri 5500/24088 eklenen=5500
  musteri 6000/24088 eklenen=6000
  musteri 6500/24088 eklenen=6500
  musteri 7000/24088 eklenen=7000
  musteri 7500/24088 eklenen=7500
  musteri 8000/24088 eklenen=8000
  musteri 8500/24088 eklenen=8500
  musteri 9000/24088 eklenen=9000
  musteri 9500/24088 eklenen=9500
  musteri 10000/24088 eklenen=10000
  musteri 10500/24088 eklenen=10500
  musteri 11000/24088 eklenen=11000
  musteri 11500/24088 eklenen=11500
  musteri 12000/24088 eklenen=12000
  musteri 12500/24088 eklenen=12500
  musteri 13000/24088 eklenen=13000
  musteri 13500/24088 eklenen=13500
  musteri 14000/24088 eklenen=14000
  musteri 14500/24088 eklenen=14500
  musteri 15000/24088 eklenen=15000
  musteri 15500/24088 eklenen=15500
  musteri 16000/24088 eklenen=16000
  musteri 16500/24088 eklenen=16500
  musteri 17000/24088 eklenen=17000
  musteri 17500/24088 eklenen=17500
  musteri 18000/24088 eklenen=18000
  musteri 18500/24088 eklenen=18500
  musteri 19000/24088 eklenen=19000
  musteri 19500/24088 eklenen=19500
  musteri 20000/24088 eklenen=20000
  musteri 20500/24088 eklenen=20500
  musteri 21000/24088 eklenen=21000
  musteri 21500/24088 eklenen=21500
  musteri 22000/24088 eklenen=22000
  musteri 22500/24088 eklenen=22500
  musteri 23000/24088 eklenen=23000
  musteri 23500/24088 eklenen=23500
  musteri 24000/24088 eklenen=24000
Musteri: eklenen=24088 hata=0
Tamam. Ozet: {"personel":0,"hizmet":0,"urun":0,"musteri":24088,"randevu":0,"randevu_dedup":0,"adisyon":0,"tahsilat":0,"gider":0,"skip":0,"hata":0}
