nohup: ignoring input
Drklinik client baslatiliyor...
Dump dizini: /var/www/www-root/data/www/randevumceptetest/storage/app/drklinik/20260508_144136
Login deneniyor...
Login sonuc: OK - webforms
Detay: Login OK. Son URL: https://uygulama.drklinik.net/default.aspx?v=202658144136842
Satis+Tahsilat: 2024-01-01 - 2026-05-08
Musid toplama (randevu listesi haftalik tarama)...
  ..hafta 20 unique musid: 0
  ..hafta 40 unique musid: 404
  ..hafta 60 unique musid: 894
  ..hafta 80 unique musid: 1347
  ..hafta 100 unique musid: 1777
  ..hafta 120 unique musid: 2192
Toplam unique musid: 2283
  ..musteri 50/2283 satis=129 tahsilat=0 relink=0 prop=0 seans=1622
  ..musteri 100/2283 satis=281 tahsilat=0 relink=0 prop=0 seans=2620
  ..musteri 150/2283 satis=436 tahsilat=0 relink=0 prop=0 seans=3532
  ..musteri 200/2283 satis=574 tahsilat=0 relink=0 prop=0 seans=4144
  ..musteri 250/2283 satis=693 tahsilat=0 relink=0 prop=0 seans=4280
  ..musteri 300/2283 satis=785 tahsilat=0 relink=0 prop=0 seans=4763
  ..musteri 350/2283 satis=871 tahsilat=0 relink=0 prop=0 seans=5520
  ..musteri 400/2283 satis=972 tahsilat=0 relink=0 prop=0 seans=5928
  ..musteri 450/2283 satis=1052 tahsilat=0 relink=0 prop=0 seans=6475
  ..musteri 500/2283 satis=1110 tahsilat=0 relink=0 prop=0 seans=6583
  ..musteri 550/2283 satis=1220 tahsilat=0 relink=0 prop=0 seans=6810
  ..musteri 600/2283 satis=1282 tahsilat=0 relink=0 prop=0 seans=7770
  ..musteri 650/2283 satis=1346 tahsilat=0 relink=0 prop=0 seans=8382
  ..musteri 700/2283 satis=1444 tahsilat=0 relink=0 prop=0 seans=8641
  ..musteri 750/2283 satis=1532 tahsilat=0 relink=0 prop=0 seans=8814
  ..musteri 800/2283 satis=1625 tahsilat=0 relink=0 prop=0 seans=9804
  ..musteri 850/2283 satis=1733 tahsilat=0 relink=0 prop=0 seans=10617
  ..musteri 900/2283 satis=1792 tahsilat=0 relink=0 prop=0 seans=10775
  ..musteri 950/2283 satis=1892 tahsilat=0 relink=0 prop=0 seans=11292
  ..musteri 1000/2283 satis=1942 tahsilat=0 relink=0 prop=0 seans=11619
  ..musteri 1050/2283 satis=2038 tahsilat=0 relink=0 prop=0 seans=11934
  ..musteri 1100/2283 satis=2139 tahsilat=1 relink=0 prop=1 seans=12767
  ..musteri 1150/2283 satis=2224 tahsilat=1 relink=0 prop=1 seans=13548
  ..musteri 1200/2283 satis=2306 tahsilat=1 relink=0 prop=1 seans=14106
  ..musteri 1250/2283 satis=2406 tahsilat=1 relink=0 prop=1 seans=14576
  ..musteri 1300/2283 satis=2489 tahsilat=1 relink=0 prop=1 seans=14858
  ..musteri 1350/2283 satis=2546 tahsilat=1 relink=0 prop=1 seans=14984
  ..musteri 1400/2283 satis=2610 tahsilat=1 relink=0 prop=1 seans=15359
  ..musteri 1450/2283 satis=2709 tahsilat=1 relink=0 prop=1 seans=15774
  ..musteri 1500/2283 satis=2778 tahsilat=1 relink=0 prop=1 seans=15909
  ..musteri 1550/2283 satis=2858 tahsilat=3 relink=0 prop=3 seans=16274
  ..musteri 1600/2283 satis=2939 tahsilat=3 relink=0 prop=3 seans=16716
  ..musteri 1650/2283 satis=3002 tahsilat=3 relink=0 prop=3 seans=17219
  ..musteri 1700/2283 satis=3077 tahsilat=3 relink=0 prop=3 seans=17779
  ..musteri 1750/2283 satis=3164 tahsilat=3 relink=0 prop=3 seans=18454
  ..musteri 1800/2283 satis=3252 tahsilat=3 relink=0 prop=3 seans=18964
  ..musteri 1850/2283 satis=3327 tahsilat=3 relink=0 prop=3 seans=19406
  ..musteri 1900/2283 satis=3387 tahsilat=3 relink=0 prop=3 seans=19835
  ..musteri 1950/2283 satis=3498 tahsilat=3 relink=0 prop=3 seans=20460
  ..musteri 2000/2283 satis=3550 tahsilat=4 relink=0 prop=4 seans=20561
  ..musteri 2050/2283 satis=3606 tahsilat=4 relink=0 prop=4 seans=20742
  ..musteri 2100/2283 satis=3647 tahsilat=4 relink=0 prop=4 seans=20883
  ..musteri 2150/2283 satis=3704 tahsilat=4 relink=0 prop=4 seans=21227
  ..musteri 2200/2283 satis=3769 tahsilat=4 relink=0 prop=4 seans=21893
  ..musteri 2250/2283 satis=3830 tahsilat=7 relink=0 prop=6 seans=22149
Aktarim tamam: satis=3868, tahsilat=20, tahsilat_relink=0, tahsilat_propagate=19, seans_dusumu=22373
Tamam. Ozet: {"hizmet":0,"personel":0,"urun":0,"oda":0,"musteri":8,"randevu":0,"satis":3868,"tahsilat":20,"skipped":0,"seans_dusumu":22373,"tahsilat_propagate":19}
