nohup: ignoring input
Drklinik client baslatiliyor...
Dump dizini: /var/www/www-root/data/www/randevumceptetest/storage/app/drklinik/20260523_104504
Login deneniyor...
Login sonuc: OK - webforms
Detay: Login OK. Son URL: https://uygulama.drklinik.net/default.aspx?v=202652310454694
Seans saglama: 2024-06-01 - 2026-05-23
  ..hafta 20 unique musid: 466
  ..hafta 40 unique musid: 925
  ..hafta 60 unique musid: 1396
  ..hafta 80 unique musid: 1804
  ..hafta 100 unique musid: 2245
Toplam unique musid: 2337
  ..100/2337 ok_musteri=84 farkli_musteri=0
  ..200/2337 ok_musteri=168 farkli_musteri=0
  ..300/2337 ok_musteri=230 farkli_musteri=2
  ..400/2337 ok_musteri=290 farkli_musteri=6
  ..600/2337 ok_musteri=404 farkli_musteri=13
  ..700/2337 ok_musteri=462 farkli_musteri=20
  ..800/2337 ok_musteri=523 farkli_musteri=26
  ..900/2337 ok_musteri=584 farkli_musteri=31
  ..1000/2337 ok_musteri=635 farkli_musteri=32
  ..1100/2337 ok_musteri=702 farkli_musteri=37
  ..1200/2337 ok_musteri=772 farkli_musteri=38
  ..1300/2337 ok_musteri=843 farkli_musteri=41
  ..1400/2337 ok_musteri=904 farkli_musteri=42
  ..1500/2337 ok_musteri=977 farkli_musteri=46
  ..1600/2337 ok_musteri=1048 farkli_musteri=51
  ..1800/2337 ok_musteri=1175 farkli_musteri=59
  ..1900/2337 ok_musteri=1235 farkli_musteri=64
  ..2000/2337 ok_musteri=1303 farkli_musteri=67
  ..2200/2337 ok_musteri=1427 farkli_musteri=73
  ..2300/2337 ok_musteri=1500 farkli_musteri=76
Saglama bitti. OK musteri=1519, farkli musteri=80, fark satir=98
CSV: /tmp/drk_seans_fark_362.csv
