nohup: ignoring input
Drklinik tahsilatlari gunluk taraniyor: 2026-01-01 - 2026-12-31
  ..gun 30 (2026-01-30) drklinik_satir=138
  ..gun 60 (2026-03-01) drklinik_satir=274
  ..gun 90 (2026-03-31) drklinik_satir=480
  ..gun 120 (2026-04-30) drklinik_satir=750
  ..gun 150 (2026-05-30) drklinik_satir=987
  ..gun 180 (2026-06-29) drklinik_satir=987
  ..gun 210 (2026-07-29) drklinik_satir=987
  ..gun 240 (2026-08-28) drklinik_satir=987
  ..gun 270 (2026-09-27) drklinik_satir=987
  ..gun 300 (2026-10-27) drklinik_satir=987
  ..gun 330 (2026-11-26) drklinik_satir=987
  ..gun 360 (2026-12-26) drklinik_satir=987
Drklinik toplam: 987 satir, 978 unique signature
DB toplam: 1016 tahsilat
Esleyen (OK): 929 - 3.204.359,00 TRY
Isim farki   : 55 - 161.000,00 TRY (yanlis musteriye yazilmis olabilir)
Gercek fazla : 32 - 136.550,00 TRY (drklinik'te hic yok)
CSV (isim farki) : /tmp/drk_tahsilat_isim_farki_362.csv
CSV (gercek fazla): /tmp/drk_tahsilat_gercek_fazla_362.csv
Drklinik'te var DB'de yok: 3 - 7.364,00 TRY
CSV (eksik)       : /tmp/drk_tahsilat_eksik_362.csv
