nohup: ignoring input
Drklinik client baslatiliyor...
Dump dizini: /var/www/www-root/data/www/randevumceptetest/storage/app/drklinik/20260523_104248
Login deneniyor...
Login sonuc: OK - webforms
Detay: Login OK. Son URL: https://uygulama.drklinik.net/default.aspx?v=2026523104248649
Satis+Tahsilat: 2024-06-01 - 2026-05-23
Musid toplama (randevu listesi haftalik tarama)...
  ..hafta 20 unique musid: 466
  ..hafta 40 unique musid: 925
  ..hafta 60 unique musid: 1396
  ..hafta 80 unique musid: 1804
  ..hafta 100 unique musid: 2245
Toplam unique musid: 2337
  ..musteri 50/2337 satis=130 tahsilat=1 relink=1 prop=2 seans=405
  ..musteri 100/2337 satis=285 tahsilat=1 relink=3 prop=4 seans=709
  ..musteri 150/2337 satis=440 tahsilat=1 relink=4 prop=5 seans=1083
  ..musteri 200/2337 satis=578 tahsilat=3 relink=8 prop=11 seans=1290
  ..musteri 250/2337 satis=697 tahsilat=3 relink=11 prop=14 seans=1402
  ..musteri 300/2337 satis=789 tahsilat=4 relink=12 prop=16 seans=1555
  ..musteri 350/2337 satis=875 tahsilat=4 relink=15 prop=19 seans=1751
  ..musteri 400/2337 satis=976 tahsilat=5 relink=16 prop=21 seans=1861
  ..musteri 450/2337 satis=1056 tahsilat=5 relink=17 prop=22 seans=1962
  ..musteri 500/2337 satis=1114 tahsilat=7 relink=17 prop=24 seans=2025
  ..musteri 550/2337 satis=1225 tahsilat=10 relink=20 prop=29 seans=2103
  ..musteri 600/2337 satis=1285 tahsilat=10 relink=20 prop=29 seans=2257
  ..musteri 650/2337 satis=1352 tahsilat=11 relink=22 prop=32 seans=2397
  ..musteri 700/2337 satis=1450 tahsilat=13 relink=26 prop=38 seans=2477
  ..musteri 750/2337 satis=1540 tahsilat=13 relink=30 prop=42 seans=2546
  ..musteri 800/2337 satis=1633 tahsilat=15 relink=35 prop=49 seans=3028
  ..musteri 850/2337 satis=1741 tahsilat=18 relink=36 prop=53 seans=3208
  ..musteri 900/2337 satis=1800 tahsilat=19 relink=37 prop=55 seans=3260
  ..musteri 950/2337 satis=1900 tahsilat=19 relink=42 prop=60 seans=3362
  ..musteri 1000/2337 satis=1953 tahsilat=19 relink=44 prop=62 seans=3397
  ..musteri 1050/2337 satis=2049 tahsilat=19 relink=44 prop=62 seans=3465
  ..musteri 1100/2337 satis=2154 tahsilat=20 relink=45 prop=64 seans=3692
  ..musteri 1150/2337 satis=2240 tahsilat=20 relink=45 prop=64 seans=3931
  ..musteri 1200/2337 satis=2322 tahsilat=23 relink=45 prop=67 seans=4085
  ..musteri 1250/2337 satis=2422 tahsilat=24 relink=46 prop=69 seans=4174
  ..musteri 1300/2337 satis=2505 tahsilat=24 relink=47 prop=70 seans=4238
  ..musteri 1350/2337 satis=2562 tahsilat=24 relink=47 prop=70 seans=4271
  ..musteri 1400/2337 satis=2628 tahsilat=24 relink=47 prop=70 seans=4331
  ..musteri 1450/2337 satis=2728 tahsilat=24 relink=50 prop=73 seans=4473
  ..musteri 1500/2337 satis=2799 tahsilat=25 relink=51 prop=75 seans=4517
  ..musteri 1550/2337 satis=2879 tahsilat=26 relink=51 prop=76 seans=4645
  ..musteri 1600/2337 satis=2963 tahsilat=26 relink=51 prop=76 seans=4737
  ..musteri 1650/2337 satis=3027 tahsilat=26 relink=52 prop=77 seans=4853
  ..musteri 1700/2337 satis=3104 tahsilat=26 relink=52 prop=77 seans=5016
  ..musteri 1750/2337 satis=3194 tahsilat=26 relink=53 prop=78 seans=5283
  ..musteri 1800/2337 satis=3285 tahsilat=26 relink=54 prop=79 seans=5598
  ..musteri 1850/2337 satis=3361 tahsilat=27 relink=56 prop=82 seans=5708
  ..musteri 1900/2337 satis=3429 tahsilat=28 relink=56 prop=83 seans=5756
  ..musteri 1950/2337 satis=3546 tahsilat=28 relink=58 prop=85 seans=5925
  ..musteri 2000/2337 satis=3599 tahsilat=28 relink=59 prop=86 seans=5991
  ..musteri 2050/2337 satis=3655 tahsilat=28 relink=59 prop=86 seans=6056
  ..musteri 2100/2337 satis=3700 tahsilat=28 relink=59 prop=86 seans=6112
  ..musteri 2150/2337 satis=3767 tahsilat=28 relink=59 prop=86 seans=6184
  ..musteri 2200/2337 satis=3828 tahsilat=28 relink=59 prop=86 seans=6508
  ..musteri 2250/2337 satis=3898 tahsilat=28 relink=59 prop=86 seans=6628
  ..musteri 2300/2337 satis=3961 tahsilat=28 relink=59 prop=86 seans=6767
Aktarim tamam: satis=3998, tahsilat=29, tahsilat_relink=59, tahsilat_propagate=87, seans_dusumu=6813
Tamam. Ozet: {"hizmet":0,"personel":0,"urun":0,"oda":0,"musteri":0,"randevu":0,"satis":3998,"tahsilat":29,"skipped":0,"seans_dusumu":6813,"seans_silinen":6814,"tahsilat_relink":59,"tahsilat_propagate":87}
