nohup: ignoring input
Drklinik client baslatiliyor...
Dump dizini: /var/www/www-root/data/www/randevumceptetest/storage/app/drklinik/20260521_220728
Login deneniyor...
Login sonuc: OK - webforms
Detay: Login OK. Son URL: https://uygulama.drklinik.net/default.aspx?v=202652122729350
Urunler cekiliyor (uruntanimlamalari.aspx)...
  HTML tablodan 113 satir cikartildi.
Urun aktarim: 113
Randevular cekiliyor: 2026-01-01 - 2030-12-31 (haftalik)...
  ..hafta 10 (2026-03-05..) son_eklenen=149 toplam_randevu=1127
  ..hafta 20 (2026-05-14..) son_eklenen=223 toplam_randevu=2952
  ..hafta 30 (2026-07-23..) son_eklenen=0 toplam_randevu=3095
  ..hafta 40 (2026-10-01..) son_eklenen=0 toplam_randevu=3096
  ..hafta 50 (2026-12-10..) son_eklenen=0 toplam_randevu=3096
  ..hafta 60 (2027-02-18..) son_eklenen=0 toplam_randevu=3096
  ..hafta 70 (2027-04-29..) son_eklenen=0 toplam_randevu=3096
  ..hafta 80 (2027-07-08..) son_eklenen=0 toplam_randevu=3096
  ..hafta 90 (2027-09-16..) son_eklenen=0 toplam_randevu=3096
  ..hafta 100 (2027-11-25..) son_eklenen=0 toplam_randevu=3096
  ..hafta 110 (2028-02-03..) son_eklenen=0 toplam_randevu=3096
  ..hafta 120 (2028-04-13..) son_eklenen=0 toplam_randevu=3096
  ..hafta 130 (2028-06-22..) son_eklenen=0 toplam_randevu=3096
  ..hafta 140 (2028-08-31..) son_eklenen=0 toplam_randevu=3096
  ..hafta 150 (2028-11-09..) son_eklenen=0 toplam_randevu=3096
  ..hafta 160 (2029-01-18..) son_eklenen=0 toplam_randevu=3096
  ..hafta 170 (2029-03-29..) son_eklenen=0 toplam_randevu=3096
  ..hafta 180 (2029-06-07..) son_eklenen=0 toplam_randevu=3096
  ..hafta 190 (2029-08-16..) son_eklenen=0 toplam_randevu=3096
  ..hafta 200 (2029-10-25..) son_eklenen=0 toplam_randevu=3096
  ..hafta 210 (2030-01-03..) son_eklenen=0 toplam_randevu=3096
  ..hafta 220 (2030-03-14..) son_eklenen=0 toplam_randevu=3096
  ..hafta 230 (2030-05-23..) son_eklenen=0 toplam_randevu=3096
  ..hafta 240 (2030-08-01..) son_eklenen=0 toplam_randevu=3096
  ..hafta 250 (2030-10-10..) son_eklenen=0 toplam_randevu=3096
  ..hafta 260 (2030-12-19..) son_eklenen=0 toplam_randevu=3096
Randevu aktarim toplam: 3096 (skipped: 0)
Giderler cekiliyor: 2026-01-01 - 2030-12-31 ...
Gider import bitti: eklenen=14, atlanan=563
Satis+Tahsilat: 2026-01-01 - 2030-12-31
Musid toplama (randevu listesi haftalik tarama)...
  ..hafta 20 unique musid: 730
  ..hafta 40 unique musid: 736
  ..hafta 60 unique musid: 736
  ..hafta 80 unique musid: 736
  ..hafta 100 unique musid: 736
  ..hafta 120 unique musid: 736
  ..hafta 140 unique musid: 736
  ..hafta 160 unique musid: 736
  ..hafta 180 unique musid: 736
  ..hafta 200 unique musid: 736
  ..hafta 220 unique musid: 736
  ..hafta 240 unique musid: 736
  ..hafta 260 unique musid: 736
Toplam unique musid: 736
  ..musteri 50/736 satis=208 tahsilat=7 relink=0 prop=4 seans=20
  ..musteri 100/736 satis=390 tahsilat=12 relink=0 prop=9 seans=217
  ..musteri 150/736 satis=596 tahsilat=21 relink=0 prop=17 seans=271
  ..musteri 200/736 satis=850 tahsilat=26 relink=0 prop=21 seans=298
  ..musteri 250/736 satis=964 tahsilat=27 relink=0 prop=22 seans=301
  ..musteri 300/736 satis=1061 tahsilat=27 relink=0 prop=22 seans=313
  ..musteri 350/736 satis=1176 tahsilat=27 relink=0 prop=22 seans=334
  ..musteri 400/736 satis=1244 tahsilat=29 relink=0 prop=24 seans=336
  ..musteri 450/736 satis=1343 tahsilat=29 relink=0 prop=24 seans=356
  ..musteri 500/736 satis=1441 tahsilat=31 relink=0 prop=26 seans=411
  ..musteri 550/736 satis=1536 tahsilat=36 relink=0 prop=31 seans=584
  ..musteri 600/736 satis=1626 tahsilat=40 relink=0 prop=35 seans=694
  ..musteri 650/736 satis=1723 tahsilat=49 relink=0 prop=44 seans=897
  ..musteri 700/736 satis=1795 tahsilat=68 relink=0 prop=62 seans=1280
Aktarim tamam: satis=1864, tahsilat=96, tahsilat_relink=0, tahsilat_propagate=90, seans_dusumu=1551
Tamam. Ozet: {"hizmet":1,"personel":0,"urun":113,"oda":0,"musteri":26,"randevu":3096,"satis":1864,"tahsilat":96,"skipped":0,"gider":14,"gider_skip":563,"seans_dusumu":1551,"tahsilat_propagate":90}
