nohup: ignoring input
Drklinik client baslatiliyor...
Dump dizini: /var/www/www-root/data/www/randevumceptetest/storage/app/drklinik/20260513_022411
Login deneniyor...
Login sonuc: OK - webforms
Detay: Login OK. Son URL: https://uygulama.drklinik.net/default.aspx?v=202651322411991
Odalar cekiliyor (DDL_Oda dropdown)...
Oda aktarim: yeni=0, toplam_map=11
Personel listesi cekiliyor (calisanmodulu.aspx)...
  41 personel id bulundu.
  ..10/41 personel okundu
  ..20/41 personel okundu
  ..30/41 personel okundu
  ..40/41 personel okundu
Personel aktarim: 0 yeni
Hizmetler cekiliyor (hizmet_listesi.aspx)...
  10 birim bulundu.
  [skip-urun] 'Hydrafacial cilt bakımı' Urunler tablosunda kayitli, hizmet olarak eklenmeyecek.
  [skip-urun] 'Hydrafacial cilt bakımı' Urunler tablosunda kayitli, hizmet olarak eklenmeyecek.
  [Birim Seçiniz]: 327 hizmet
  [MANİKÜR-PEDİKÜR]: 6 hizmet
  [MASAJ]: 14 hizmet
  [SOLARYUM]: 13 hizmet
  [ERKEK BÖLGESEL İNCELME]: 34 hizmet
  [LAZER EPİLASYON]: 27 hizmet
  [CİLT BAKIMI]: 10 hizmet
  [KADIN BÖLGESEL İNCELME]: 38 hizmet
  [CİLT TEDAVİLERİ]: 4 hizmet
  [BERBER]: 4 hizmet
Hizmet aktarim toplam: 477
Urunler cekiliyor (uruntanimlamalari.aspx)...
  HTML tablodan 112 satir cikartildi.
Urun aktarim: 112
Randevular cekiliyor: 2024-01-01 - 2026-05-13 (haftalik)...
  ..hafta 10 (2024-03-04..) son_eklenen=0 toplam_randevu=0
  ..hafta 20 (2024-05-13..) son_eklenen=0 toplam_randevu=0
  ..hafta 30 (2024-07-22..) son_eklenen=66 toplam_randevu=465
  ..hafta 40 (2024-09-30..) son_eklenen=89 toplam_randevu=1147
  ..hafta 50 (2024-12-09..) son_eklenen=77 toplam_randevu=2068
  ..hafta 60 (2025-02-17..) son_eklenen=86 toplam_randevu=2833
  ..hafta 70 (2025-04-28..) son_eklenen=141 toplam_randevu=3840
  ..hafta 80 (2025-07-07..) son_eklenen=114 toplam_randevu=5025
  ..hafta 90 (2025-09-15..) son_eklenen=86 toplam_randevu=5934
  ..hafta 100 (2025-11-24..) son_eklenen=94 toplam_randevu=6994
  ..hafta 110 (2026-02-02..) son_eklenen=98 toplam_randevu=8047
  ..hafta 120 (2026-04-13..) son_eklenen=174 toplam_randevu=9444
Randevu aktarim toplam: 10096 (skipped: 0)
Giderler cekiliyor: 2024-01-01 - 2026-05-13 ...
Gider import bitti: eklenen=2, atlanan=561
Satis+Tahsilat: 2024-01-01 - 2026-05-13
Musid toplama (randevu listesi haftalik tarama)...
  ..hafta 20 unique musid: 0
  ..hafta 40 unique musid: 404
  ..hafta 60 unique musid: 894
  ..hafta 80 unique musid: 1347
  ..hafta 100 unique musid: 1777
  ..hafta 120 unique musid: 2192
Toplam unique musid: 2299
  ..musteri 50/2299 satis=129 tahsilat=0 relink=2 prop=2 seans=0
  ..musteri 100/2299 satis=281 tahsilat=0 relink=2 prop=2 seans=0
  ..musteri 150/2299 satis=436 tahsilat=1 relink=5 prop=6 seans=0
  ..musteri 200/2299 satis=574 tahsilat=1 relink=8 prop=9 seans=0
  ..musteri 250/2299 satis=693 tahsilat=2 relink=9 prop=11 seans=0
  ..musteri 300/2299 satis=785 tahsilat=2 relink=9 prop=11 seans=26
  ..musteri 350/2299 satis=871 tahsilat=2 relink=9 prop=11 seans=28
  ..musteri 400/2299 satis=972 tahsilat=2 relink=9 prop=11 seans=46
  ..musteri 450/2299 satis=1052 tahsilat=2 relink=11 prop=13 seans=96
  ..musteri 500/2299 satis=1110 tahsilat=2 relink=11 prop=13 seans=106
  ..musteri 550/2299 satis=1220 tahsilat=3 relink=11 prop=14 seans=106
  ..musteri 600/2299 satis=1282 tahsilat=4 relink=12 prop=16 seans=115
  ..musteri 650/2299 satis=1346 tahsilat=5 relink=12 prop=17 seans=133
  ..musteri 700/2299 satis=1444 tahsilat=7 relink=12 prop=19 seans=135
  ..musteri 750/2299 satis=1533 tahsilat=8 relink=14 prop=22 seans=136
  ..musteri 800/2299 satis=1626 tahsilat=8 relink=16 prop=24 seans=165
  ..musteri 850/2299 satis=1734 tahsilat=8 relink=16 prop=24 seans=223
  ..musteri 900/2299 satis=1793 tahsilat=8 relink=17 prop=25 seans=225
  ..musteri 950/2299 satis=1893 tahsilat=8 relink=17 prop=25 seans=287
  ..musteri 1000/2299 satis=1943 tahsilat=8 relink=17 prop=25 seans=299
  ..musteri 1050/2299 satis=2039 tahsilat=8 relink=18 prop=26 seans=314
  ..musteri 1100/2299 satis=2142 tahsilat=9 relink=18 prop=27 seans=329
  ..musteri 1150/2299 satis=2227 tahsilat=9 relink=18 prop=27 seans=340
  ..musteri 1200/2299 satis=2309 tahsilat=9 relink=18 prop=27 seans=347
  ..musteri 1250/2299 satis=2409 tahsilat=9 relink=18 prop=27 seans=356
  ..musteri 1300/2299 satis=2492 tahsilat=9 relink=18 prop=27 seans=368
  ..musteri 1350/2299 satis=2549 tahsilat=9 relink=18 prop=27 seans=374
  ..musteri 1400/2299 satis=2613 tahsilat=9 relink=18 prop=27 seans=431
  ..musteri 1450/2299 satis=2712 tahsilat=9 relink=18 prop=27 seans=443
  ..musteri 1500/2299 satis=2781 tahsilat=10 relink=18 prop=28 seans=443
  ..musteri 1550/2299 satis=2861 tahsilat=10 relink=18 prop=28 seans=460
  ..musteri 1600/2299 satis=2942 tahsilat=10 relink=18 prop=28 seans=481
  ..musteri 1650/2299 satis=3005 tahsilat=10 relink=20 prop=30 seans=507
  ..musteri 1700/2299 satis=3080 tahsilat=10 relink=20 prop=30 seans=531
  ..musteri 1750/2299 satis=3167 tahsilat=10 relink=20 prop=30 seans=543
  ..musteri 1800/2299 satis=3255 tahsilat=10 relink=20 prop=30 seans=558
  ..musteri 1850/2299 satis=3330 tahsilat=12 relink=20 prop=32 seans=565
  ..musteri 1900/2299 satis=3391 tahsilat=13 relink=20 prop=33 seans=566
  ..musteri 1950/2299 satis=3504 tahsilat=13 relink=23 prop=36 seans=583
  ..musteri 2000/2299 satis=3556 tahsilat=13 relink=23 prop=36 seans=605
  ..musteri 2050/2299 satis=3612 tahsilat=13 relink=23 prop=36 seans=605
  ..musteri 2100/2299 satis=3656 tahsilat=13 relink=24 prop=37 seans=605
  ..musteri 2150/2299 satis=3713 tahsilat=14 relink=24 prop=38 seans=605
  ..musteri 2200/2299 satis=3779 tahsilat=14 relink=25 prop=39 seans=634
  ..musteri 2250/2299 satis=3840 tahsilat=15 relink=26 prop=41 seans=644
Aktarim tamam: satis=3898, tahsilat=23, tahsilat_relink=26, tahsilat_propagate=49, seans_dusumu=705
Tamam. Ozet: {"hizmet":477,"personel":0,"urun":112,"oda":11,"musteri":6,"randevu":10096,"satis":3898,"tahsilat":23,"skipped":0,"gider":2,"gider_skip":561,"tahsilat_relink":26,"tahsilat_propagate":49,"seans_dusumu":705}
