nohup: ignoring input
Planla client baslatiliyor...
Dump dizini: /var/www/www-root/data/www/randevumceptetest/storage/app/planla/20260513_012319
Login deneniyor...
Login sonuc: OK - json:/sign-in
Detay: JSON login ok via /sign-in variant 0
Personel cekiliyor (category=employees)...
  category=employees -> 14 kayit
Personel aktarim: 14
Hizmetler cekiliyor (category=services)...
  category=services -> 89 kayit
Hizmet aktarim: 89
Musteriler cekiliyor (category=customers)...
  category=customers -> 6112 kayit
  ..500 musteri islendi (aktarilan: 499, skipped: 0)
  ..1000 musteri islendi (aktarilan: 999, skipped: 0)
  ..1500 musteri islendi (aktarilan: 1499, skipped: 0)
  ..2000 musteri islendi (aktarilan: 1999, skipped: 0)
  ..2500 musteri islendi (aktarilan: 2499, skipped: 0)
  ..3000 musteri islendi (aktarilan: 2999, skipped: 0)
  ..3500 musteri islendi (aktarilan: 3499, skipped: 0)
  ..4000 musteri islendi (aktarilan: 3999, skipped: 0)
  ..4500 musteri islendi (aktarilan: 4499, skipped: 0)
  ..5000 musteri islendi (aktarilan: 4999, skipped: 0)
  ..5500 musteri islendi (aktarilan: 5499, skipped: 0)
  ..6000 musteri islendi (aktarilan: 5999, skipped: 0)
Musteri aktarim: 6112
Randevular cekiliyor (category=appointments)...
Musteri map kuruluyor (eksik olanlar olusturuluyor)...
  category=customers -> 6112 kayit
Musteri map: bulundu=6112, yeni=0, hata=0, map=6112
  category=appointments -> 42088 kayit
  ..500 randevu islendi
  ..1000 randevu islendi
  ..1500 randevu islendi
  ..2000 randevu islendi
  ..2500 randevu islendi
  ..3000 randevu islendi
  ..3500 randevu islendi
  ..4000 randevu islendi
  ..4500 randevu islendi
  ..5000 randevu islendi
  ..5500 randevu islendi
  ..6000 randevu islendi
  ..6500 randevu islendi
  ..7000 randevu islendi
  ..7500 randevu islendi
  ..8000 randevu islendi
  ..8500 randevu islendi
  ..9000 randevu islendi
  ..9500 randevu islendi
  ..10000 randevu islendi
  ..10500 randevu islendi
  ..11000 randevu islendi
  ..11500 randevu islendi
  ..12000 randevu islendi
  ..12500 randevu islendi
  ..13000 randevu islendi
  ..13500 randevu islendi
  ..14000 randevu islendi
  ..14500 randevu islendi
  ..15000 randevu islendi
  ..15500 randevu islendi
  ..16000 randevu islendi
  ..16500 randevu islendi
  ..17000 randevu islendi
  ..17500 randevu islendi
  ..18000 randevu islendi
  ..18500 randevu islendi
  ..19000 randevu islendi
  ..19500 randevu islendi
  ..20000 randevu islendi
  ..20500 randevu islendi
  ..21000 randevu islendi
  ..21500 randevu islendi
  ..22000 randevu islendi
  ..22500 randevu islendi
  ..23000 randevu islendi
  ..23500 randevu islendi
  ..24000 randevu islendi
  ..24500 randevu islendi
  ..25000 randevu islendi
  ..25500 randevu islendi
  ..26000 randevu islendi
  ..26500 randevu islendi
  ..27000 randevu islendi
  ..27500 randevu islendi
  ..28000 randevu islendi
  ..28500 randevu islendi
  ..29000 randevu islendi
  ..29500 randevu islendi
  ..30000 randevu islendi
  ..30500 randevu islendi
  ..31000 randevu islendi
  ..31500 randevu islendi
  ..32000 randevu islendi
  ..32500 randevu islendi
  ..33000 randevu islendi
  ..33500 randevu islendi
  ..34000 randevu islendi
  ..34500 randevu islendi
  ..35000 randevu islendi
  ..35500 randevu islendi
  ..36000 randevu islendi
  ..36500 randevu islendi
  ..37000 randevu islendi
  ..37500 randevu islendi
  ..38000 randevu islendi
  ..38500 randevu islendi
  ..39000 randevu islendi
  ..39500 randevu islendi
  ..40000 randevu islendi
  ..40500 randevu islendi
  ..41000 randevu islendi
  ..41500 randevu islendi
  ..42000 randevu islendi
Randevu aktarim: 42088
Tamam. Ozet: {"personel":14,"hizmet":89,"musteri":6112,"randevu":42088,"tahsilat":0,"skipped":0}
